# JRE version: OpenJDK Runtime Environment (8.0_152-b06) (build 1.8.0_152-release-1136-b06)
# Java VM: OpenJDK 64-Bit Server VM (25.152-b06 mixed mode windows-amd64 compressed oops)
Heap:
 PSYoungGen      total 434176K, used 30358K [0x00000000e0000000, 0x0000000100000000, 0x0000000100000000)
  eden space 344064K, 0% used [0x00000000e0000000,0x00000000e0000000,0x00000000f5000000)
  from space 90112K, 33% used [0x00000000f5000000,0x00000000f6da5818,0x00000000fa800000)
  to   space 86528K, 0% used [0x00000000fab80000,0x00000000fab80000,0x0000000100000000)
 ParOldGen       total 231424K, used 230417K [0x00000000a0000000, 0x00000000ae200000, 0x00000000e0000000)
  object space 231424K, 99% used [0x00000000a0000000,0x00000000ae104438,0x00000000ae200000)
 Metaspace       used 90401K, capacity 96484K, committed 100184K, reserved 1136640K
  class space    used 10879K, capacity 12318K, committed 13184K, reserved 1048576K
GC Heap History (10 events):
Event: 9081.580 GC heap after
Heap after GC invocations=66 (full 4):
 PSYoungGen      total 439808K, used 54771K [0x00000000e0000000, 0x0000000100000000, 0x0000000100000000)
  eden space 385024K, 0% used [0x00000000e0000000,0x00000000e0000000,0x00000000f7800000)
  from space 54784K, 99% used [0x00000000fc800000,0x00000000ffd7cf48,0x00000000ffd80000)
  to   space 69632K, 0% used [0x00000000f7800000,0x00000000f7800000,0x00000000fbc00000)
 ParOldGen       total 148992K, used 145755K [0x00000000a0000000, 0x00000000a9180000, 0x00000000e0000000)
  object space 148992K, 97% used [0x00000000a0000000,0x00000000a8e56f50,0x00000000a9180000)
 Metaspace       used 92102K, capacity 99828K, committed 100184K, reserved 1136640K
  class space    used 11308K, capacity 13071K, committed 13184K, reserved 1048576K
}
Event: 9081.612 GC heap before
{Heap before GC invocations=67 (full 5):
 PSYoungGen      total 439808K, used 54771K [0x00000000e0000000, 0x0000000100000000, 0x0000000100000000)
  eden space 385024K, 0% used [0x00000000e0000000,0x00000000e0000000,0x00000000f7800000)
  from space 54784K, 99% used [0x00000000fc800000,0x00000000ffd7cf48,0x00000000ffd80000)
  to   space 69632K, 0% used [0x00000000f7800000,0x00000000f7800000,0x00000000fbc00000)
 ParOldGen       total 148992K, used 145755K [0x00000000a0000000, 0x00000000a9180000, 0x00000000e0000000)
  object space 148992K, 97% used [0x00000000a0000000,0x00000000a8e56f50,0x00000000a9180000)
 Metaspace       used 92102K, capacity 99828K, committed 100184K, reserved 1136640K
  class space    used 11308K, capacity 13071K, committed 13184K, reserved 1048576K
Event: 9130.090 GC heap after
Heap after GC invocations=67 (full 5):
 PSYoungGen      total 439808K, used 25550K [0x00000000e0000000, 0x0000000100000000, 0x0000000100000000)
  eden space 385024K, 0% used [0x00000000e0000000,0x00000000e0000000,0x00000000f7800000)
  from space 54784K, 46% used [0x00000000fc800000,0x00000000fe0f3b00,0x00000000ffd80000)
  to   space 69632K, 0% used [0x00000000f7800000,0x00000000f7800000,0x00000000fbc00000)
 ParOldGen       total 231424K, used 148813K [0x00000000a0000000, 0x00000000ae200000, 0x00000000e0000000)
  object space 231424K, 64% used [0x00000000a0000000,0x00000000a91534b0,0x00000000ae200000)
 Metaspace       used 89566K, capacity 95624K, committed 100184K, reserved 1136640K
  class space    used 10797K, capacity 12246K, committed 13184K, reserved 1048576K
}
Event: 9132.305 GC heap before
{Heap before GC invocations=68 (full 5):
 PSYoungGen      total 439808K, used 410574K [0x00000000e0000000, 0x0000000100000000, 0x0000000100000000)
  eden space 385024K, 100% used [0x00000000e0000000,0x00000000f7800000,0x00000000f7800000)
  from space 54784K, 46% used [0x00000000fc800000,0x00000000fe0f3b00,0x00000000ffd80000)
  to   space 69632K, 0% used [0x00000000f7800000,0x00000000f7800000,0x00000000fbc00000)
 ParOldGen       total 231424K, used 148813K [0x00000000a0000000, 0x00000000ae200000, 0x00000000e0000000)
  object space 231424K, 64% used [0x00000000a0000000,0x00000000a91534b0,0x00000000ae200000)
 Metaspace       used 89775K, capacity 95892K, committed 100184K, reserved 1136640K
  class space    used 10817K, capacity 12248K, committed 13184K, reserved 1048576K
Event: 9132.441 GC heap after
Heap after GC invocations=68 (full 5):
 PSYoungGen      total 454656K, used 37390K [0x00000000e0000000, 0x0000000100000000, 0x0000000100000000)
  eden space 385024K, 0% used [0x00000000e0000000,0x00000000e0000000,0x00000000f7800000)
  from space 69632K, 53% used [0x00000000f7800000,0x00000000f9c83b00,0x00000000fbc00000)
  to   space 68096K, 0% used [0x00000000fbd80000,0x00000000fbd80000,0x0000000100000000)
 ParOldGen       total 231424K, used 153284K [0x00000000a0000000, 0x00000000ae200000, 0x00000000e0000000)
  object space 231424K, 66% used [0x00000000a0000000,0x00000000a95b1358,0x00000000ae200000)
 Metaspace       used 89775K, capacity 95892K, committed 100184K, reserved 1136640K
  class space    used 10817K, capacity 12248K, committed 13184K, reserved 1048576K
}
Event: 9135.915 GC heap before
{Heap before GC invocations=69 (full 5):
 PSYoungGen      total 454656K, used 422414K [0x00000000e0000000, 0x0000000100000000, 0x0000000100000000)
  eden space 385024K, 100% used [0x00000000e0000000,0x00000000f7800000,0x00000000f7800000)
  from space 69632K, 53% used [0x00000000f7800000,0x00000000f9c83b00,0x00000000fbc00000)
  to   space 68096K, 0% used [0x00000000fbd80000,0x00000000fbd80000,0x0000000100000000)
 ParOldGen       total 231424K, used 153284K [0x00000000a0000000, 0x00000000ae200000, 0x00000000e0000000)
  object space 231424K, 66% used [0x00000000a0000000,0x00000000a95b1358,0x00000000ae200000)
 Metaspace       used 90364K, capacity 96406K, committed 100184K, reserved 1136640K
  class space    used 10876K, capacity 12313K, committed 13184K, reserved 1048576K
Event: 9136.051 GC heap after
Heap after GC invocations=69 (full 5):
 PSYoungGen      total 412160K, used 68090K [0x00000000e0000000, 0x0000000100000000, 0x0000000100000000)
  eden space 344064K, 0% used [0x00000000e0000000,0x00000000e0000000,0x00000000f5000000)
  from space 68096K, 99% used [0x00000000fbd80000,0x00000000ffffeba8,0x0000000100000000)
  to   space 90112K, 0% used [0x00000000f5000000,0x00000000f5000000,0x00000000fa800000)
 ParOldGen       total 231424K, used 186937K [0x00000000a0000000, 0x00000000ae200000, 0x00000000e0000000)
  object space 231424K, 80% used [0x00000000a0000000,0x00000000ab68e7c8,0x00000000ae200000)
 Metaspace       used 90364K, capacity 96406K, committed 100184K, reserved 1136640K
  class space    used 10876K, capacity 12313K, committed 13184K, reserved 1048576K
}
Event: 9145.387 GC heap before
{Heap before GC invocations=70 (full 5):
 PSYoungGen      total 412160K, used 412154K [0x00000000e0000000, 0x0000000100000000, 0x0000000100000000)
  eden space 344064K, 100% used [0x00000000e0000000,0x00000000f5000000,0x00000000f5000000)
  from space 68096K, 99% used [0x00000000fbd80000,0x00000000ffffeba8,0x0000000100000000)
  to   space 90112K, 0% used [0x00000000f5000000,0x00000000f5000000,0x00000000fa800000)
 ParOldGen       total 231424K, used 186937K [0x00000000a0000000, 0x00000000ae200000, 0x00000000e0000000)
  object space 231424K, 80% used [0x00000000a0000000,0x00000000ab68e7c8,0x00000000ae200000)
 Metaspace       used 90401K, capacity 96484K, committed 100184K, reserved 1136640K
  class space    used 10879K, capacity 12318K, committed 13184K, reserved 1048576K
Event: 9145.483 GC heap after
Heap after GC invocations=70 (full 5):
 PSYoungGen      total 434176K, used 30358K [0x00000000e0000000, 0x0000000100000000, 0x0000000100000000)
  eden space 344064K, 0% used [0x00000000e0000000,0x00000000e0000000,0x00000000f5000000)
  from space 90112K, 33% used [0x00000000f5000000,0x00000000f6da5818,0x00000000fa800000)
  to   space 86528K, 0% used [0x00000000fab80000,0x00000000fab80000,0x0000000100000000)
 ParOldGen       total 231424K, used 230417K [0x00000000a0000000, 0x00000000ae200000, 0x00000000e0000000)
  object space 231424K, 99% used [0x00000000a0000000,0x00000000ae104438,0x00000000ae200000)
 Metaspace       used 90401K, capacity 96484K, committed 100184K, reserved 1136640K
  class space    used 10879K, capacity 12318K, committed 13184K, reserved 1048576K
}
Event: 9145.483 GC heap before
{Heap before GC invocations=71 (full 6):
 PSYoungGen      total 434176K, used 30358K [0x00000000e0000000, 0x0000000100000000, 0x0000000100000000)
  eden space 344064K, 0% used [0x00000000e0000000,0x00000000e0000000,0x00000000f5000000)
  from space 90112K, 33% used [0x00000000f5000000,0x00000000f6da5818,0x00000000fa800000)
  to   space 86528K, 0% used [0x00000000fab80000,0x00000000fab80000,0x0000000100000000)
 ParOldGen       total 231424K, used 230417K [0x00000000a0000000, 0x00000000ae200000, 0x00000000e0000000)
  object space 231424K, 99% used [0x00000000a0000000,0x00000000ae104438,0x00000000ae200000)
 Metaspace       used 90401K, capacity 96484K, committed 100184K, reserved 1136640K
  class space    used 10879K, capacity 12318K, committed 13184K, reserved 1048576K

